<?xml version="1.0" encoding="UTF-8"?>
<!-- Generated by org.testng.reporters.JUnitReportReporter -->
<testsuite hostname="DESKTOP-EO9AL9V" failures="0" tests="11" name="com.test.Login" time="185.351" errors="0" timestamp="2025-02-13T14:29:01 IST" skipped="0">
  <testcase classname="com.test.Login" name="RegisterInvalidEmail" time="3.288"/>
  <testcase classname="com.test.Login" name="RegisterPasswordEmpty" time="1.508"/>
  <testcase classname="com.test.Login" name="RegisterSuccess" time="25.808"/>
  <testcase classname="com.test.Login" name="LoginInvalidEmail" time="1.972"/>
  <testcase classname="com.test.Login" name="LoginInvalidcredentials" time="40.880"/>
  <testcase classname="com.test.Login" name="LoginSuccess" time="5.467"/>
  <testcase classname="com.test.Login" name="BotEmptyFieldValidation" time="9.295"/>
  <testcase classname="com.test.Login" name="BotCreateSuccess" time="42.915"/>
  <testcase classname="com.test.Login" name="BotUpdateEmptyValidation" time="7.377"/>
  <testcase classname="com.test.Login" name="BotUpdateSuccess" time="43.039"/>
  <testcase classname="com.test.Login" name="Botdelete" time="3.802"/>
</testsuite> <!-- com.test.Login -->
