<?xml version="1.0" encoding="UTF-8"?>
<!-- Generated by org.testng.reporters.JUnitReportReporter -->
<testsuite hostname="DESKTOP-EO9AL9V" failures="0" tests="11" name="com.test.Login" time="188.564" errors="0" timestamp="2025-06-05T19:12:45 IST" skipped="0">
  <testcase classname="com.test.Login" name="RegisterInvalidEmail" time="3.023"/>
  <testcase classname="com.test.Login" name="RegisterPasswordEmpty" time="2.106"/>
  <testcase classname="com.test.Login" name="RegisterSuccess" time="23.482"/>
  <testcase classname="com.test.Login" name="LoginInvalidEmail" time="3.072"/>
  <testcase classname="com.test.Login" name="LoginInvalidcredentials" time="40.785"/>
  <testcase classname="com.test.Login" name="LoginSuccess" time="6.157"/>
  <testcase classname="com.test.Login" name="BotEmptyFieldValidation" time="13.230"/>
  <testcase classname="com.test.Login" name="BotCreateSuccess" time="42.606"/>
  <testcase classname="com.test.Login" name="BotUpdateEmptyValidation" time="7.306"/>
  <testcase classname="com.test.Login" name="BotUpdateSuccess" time="42.561"/>
  <testcase classname="com.test.Login" name="BotDelete" time="4.236"/>
</testsuite> <!-- com.test.Login -->
