<?xml version="1.0" encoding="UTF-8"?>
<!-- Generated by org.testng.reporters.JUnitReportReporter -->
<testsuite hostname="DESKTOP-EO9AL9V" failures="0" tests="8" name="com.test.Login_Page" time="117.134" errors="0" timestamp="2024-04-09T12:47:02 IST" skipped="0">
  <testcase classname="com.test.Login_Page" name="registerinvalidcreds" time="1.974"/>
  <testcase classname="com.test.Login_Page" name="registerpwdempty" time="1.303"/>
  <testcase classname="com.test.Login_Page" name="registersuccess" time="23.068"/>
  <testcase classname="com.test.Login_Page" name="login2" time="3.131"/>
  <testcase classname="com.test.Login_Page" name="login3" time="41.410"/>
  <testcase classname="com.test.Login_Page" name="login" time="5.416"/>
  <testcase classname="com.test.Login_Page" name="botemptyfield" time="0.130"/>
  <testcase classname="com.test.Login_Page" name="botcreate" time="40.702"/>
</testsuite> <!-- com.test.Login_Page -->
