<?xml version="1.0" encoding="UTF-8"?>
<!-- Generated by org.testng.reporters.JUnitReportReporter -->
<testsuite hostname="DESKTOP-EO9AL9V" failures="0" tests="8" name="com.test.Login" time="124.441" errors="0" timestamp="2024-04-11T13:00:24 IST" skipped="0">
  <testcase classname="com.test.Login" name="RegisterInvalidEmail" time="2.578"/>
  <testcase classname="com.test.Login" name="RegisterPasswordEmpty" time="0.970"/>
  <testcase classname="com.test.Login" name="RegisterSuccess" time="23.198"/>
  <testcase classname="com.test.Login" name="LoginInvalidEmail" time="1.268"/>
  <testcase classname="com.test.Login" name="LoginInvalidcredentials" time="41.645"/>
  <testcase classname="com.test.Login" name="LoginSuccess" time="6.486"/>
  <testcase classname="com.test.Login" name="BotEmptyFieldValidation" time="5.452"/>
  <testcase classname="com.test.Login" name="BotCreateSuccess" time="42.844"/>
</testsuite> <!-- com.test.Login -->
