<?xml version="1.0" encoding="UTF-8"?>
<!-- Generated by org.testng.reporters.JUnitReportReporter -->
<testsuite hostname="DESKTOP-EO9AL9V" failures="0" tests="5" name="com.test.Botlist" time="94.674" errors="0" timestamp="2025-01-06T18:12:23 IST" skipped="0">
  <testcase classname="com.test.Botlist" name="LoginSuccess" time="6.079"/>
  <testcase classname="com.test.Botlist" name="BotCreateSuccess" time="30.320"/>
  <testcase classname="com.test.Botlist" name="txtfilesync" time="28.150"/>
  <testcase classname="com.test.Botlist" name="txtcontentfilesync" time="17.591"/>
  <testcase classname="com.test.Botlist" name="chatbotspreview" time="12.534"/>
</testsuite> <!-- com.test.Botlist -->
